<?xml version="1.0" encoding="UTF-8"?>
<testsuite xmlns:xsi="http://www.w3.org/2001/XMLSchema-instance" xsi:noNamespaceSchemaLocation="https://maven.apache.org/surefire/maven-surefire-plugin/xsd/surefire-test-report.xsd" name="WebTests.ServiceTests" time="122.791" tests="2" errors="0" skipped="0" failures="0">
  <properties>
[...]
</properties>
  <testcase name="Case1_VerifySearchResultDisplayed" classname="WebTests.ServiceTests" time="30.958"/>
  <testcase name="Case2_VerifySuburbServiceCentreDisplayed" classname="WebTests.ServiceTests" time="91.677"/>
</testsuite>